# JRE version: Java(TM) SE Runtime Environment (11.0.4+10) (build 11.0.4+10-LTS)
# Java VM: Java HotSpot(TM) 64-Bit Server VM (11.0.4+10-LTS, mixed mode, tiered, compressed oops, g1 gc, windows-amd64)
Heap:
 garbage-first heap   total 201728K, used 158810K [0x0000000081a00000, 0x0000000100000000)
  region size 1024K, 41 young (41984K), 5 survivors (5120K)
 Metaspace       used 80384K, capacity 85148K, committed 85456K, reserved 1122304K
  class space    used 10360K, capacity 11815K, committed 11904K, reserved 1048576K
GC Heap History (10 events):
Event: 11477.544 GC heap before
{Heap before GC invocations=285 (full 38):
 garbage-first heap   total 194560K, used 164274K [0x0000000081a00000, 0x0000000100000000)
  region size 1024K, 49 young (50176K), 0 survivors (0K)
 Metaspace       used 79757K, capacity 84387K, committed 84560K, reserved 1122304K
  class space    used 10296K, capacity 11744K, committed 11776K, reserved 1048576K
}
Event: 11477.552 GC heap after
{Heap after GC invocations=286 (full 38):
 garbage-first heap   total 194560K, used 118662K [0x0000000081a00000, 0x0000000100000000)
  region size 1024K, 4 young (4096K), 4 survivors (4096K)
 Metaspace       used 79757K, capacity 84387K, committed 84560K, reserved 1122304K
  class space    used 10296K, capacity 11744K, committed 11776K, reserved 1048576K
}
Event: 11477.694 GC heap before
{Heap before GC invocations=286 (full 38):
 garbage-first heap   total 194560K, used 163718K [0x0000000081a00000, 0x0000000100000000)
  region size 1024K, 49 young (50176K), 4 survivors (4096K)
 Metaspace       used 79758K, capacity 84387K, committed 84560K, reserved 1122304K
  class space    used 10296K, capacity 11744K, committed 11776K, reserved 1048576K
}
Event: 11477.698 GC heap after
{Heap after GC invocations=287 (full 38):
 garbage-first heap   total 194560K, used 119067K [0x0000000081a00000, 0x0000000100000000)
  region size 1024K, 4 young (4096K), 4 survivors (4096K)
 Metaspace       used 79758K, capacity 84387K, committed 84560K, reserved 1122304K
  class space    used 10296K, capacity 11744K, committed 11776K, reserved 1048576K
}
Event: 11545.732 GC heap before
{Heap before GC invocations=288 (full 38):
 garbage-first heap   total 194560K, used 160027K [0x0000000081a00000, 0x0000000100000000)
  region size 1024K, 45 young (46080K), 4 survivors (4096K)
 Metaspace       used 80049K, capacity 84748K, committed 84816K, reserved 1122304K
  class space    used 10327K, capacity 11769K, committed 11776K, reserved 1048576K
}
Event: 11545.907 GC heap after
{Heap after GC invocations=289 (full 39):
 garbage-first heap   total 201728K, used 118220K [0x0000000081a00000, 0x0000000100000000)
  region size 1024K, 0 young (0K), 0 survivors (0K)
 Metaspace       used 80018K, capacity 84700K, committed 84816K, reserved 1122304K
  class space    used 10323K, capacity 11761K, committed 11776K, reserved 1048576K
}
Event: 11546.250 GC heap before
{Heap before GC invocations=289 (full 39):
 garbage-first heap   total 201728K, used 170444K [0x0000000081a00000, 0x0000000100000000)
  region size 1024K, 52 young (53248K), 0 survivors (0K)
 Metaspace       used 80107K, capacity 84820K, committed 85200K, reserved 1122304K
  class space    used 10336K, capacity 11801K, committed 11904K, reserved 1048576K
}
Event: 11546.263 GC heap after
{Heap after GC invocations=290 (full 39):
 garbage-first heap   total 201728K, used 121658K [0x0000000081a00000, 0x0000000100000000)
  region size 1024K, 4 young (4096K), 4 survivors (4096K)
 Metaspace       used 80107K, capacity 84820K, committed 85200K, reserved 1122304K
  class space    used 10336K, capacity 11801K, committed 11904K, reserved 1048576K
}
Event: 11546.539 GC heap before
{Heap before GC invocations=290 (full 39):
 garbage-first heap   total 201728K, used 169786K [0x0000000081a00000, 0x0000000100000000)
  region size 1024K, 52 young (53248K), 4 survivors (4096K)
 Metaspace       used 80155K, capacity 84884K, committed 85200K, reserved 1122304K
  class space    used 10340K, capacity 11801K, committed 11904K, reserved 1048576K
}
Event: 11546.544 GC heap after
{Heap after GC invocations=291 (full 39):
 garbage-first heap   total 201728K, used 122970K [0x0000000081a00000, 0x0000000100000000)
  region size 1024K, 5 young (5120K), 5 survivors (5120K)
 Metaspace       used 80155K, capacity 84884K, committed 85200K, reserved 1122304K
  class space    used 10340K, capacity 11801K, committed 11904K, reserved 1048576K
}

